<?xml version="1.0" encoding="utf-8"?>
<CoverageSession>
  <Summary numSequencePoints="64" visitedSequencePoints="60" numBranchPoints="64" visitedBranchPoints="60" sequenceCoverage="0.938" branchCoverage="0.938" maxCyclomaticComplexity="12" minCyclomaticComplexity="12" visitedClasses="4" numClasses="4" visitedMethods="10" numMethods="11" />
  <Modules>
    <Module hash="42F31F60-5D01-4F6E-8FEE-3FBE667C96B1">
      <ModulePath>Calculation.dll</ModulePath>
      <ModuleTime>2019-01-09T09:48:50</ModuleTime>
      <ModuleName>Calculation</ModuleName>
      <Files>
        <File uid="1" fullPath="C:\Users\rtimbo\source\repos\unit-testing-using-dotnet-test\Calculation\Basic\Addition.cs" />
        <File uid="2" fullPath="C:\Users\rtimbo\source\repos\unit-testing-using-dotnet-test\Calculation\Basic\Division.cs" />
        <File uid="3" fullPath="C:\Users\rtimbo\source\repos\unit-testing-using-dotnet-test\Calculation\Basic\Multiplication.cs" />
        <File uid="4" fullPath="C:\Users\rtimbo\source\repos\unit-testing-using-dotnet-test\Calculation\Basic\Subtraction.cs" />
      </Files>
      <Classes>
        <Class>
          <Summary numSequencePoints="16" visitedSequencePoints="12" numBranchPoints="0" visitedBranchPoints="0" sequenceCoverage="0.75" branchCoverage="1" maxCyclomaticComplexity="1" minCyclomaticComplexity="1" visitedClasses="1" numClasses="1" visitedMethods="3" numMethods="4" />
          <FullName>Calculation.Basic.Addition</FullName>
          <Methods>
            <Method cyclomaticComplexity="1" nPathComplexity="0" sequenceCoverage="1" branchCoverage="1" isConstructor="False" isGetter="False" isSetter="False" isStatic="True">
              <Summary numSequencePoints="3" visitedSequencePoints="3" numBranchPoints="0" visitedBranchPoints="0" sequenceCoverage="1" branchCoverage="1" maxCyclomaticComplexity="1" minCyclomaticComplexity="1" visitedClasses="0" numClasses="0" visitedMethods="1" numMethods="1" />
              <MetadataToken />
              <Name>System.Decimal Calculation.Basic.Addition::Calculate()</Name>
              <FileRef uid="1" />
              <SequencePoints>
                <SequencePoint vc="3" upsid="19" ordinal="0" sl="19" sc="1" el="19" ec="2" bec="0" bev="0" fileid="1" />
                <SequencePoint vc="3" upsid="20" ordinal="1" sl="20" sc="1" el="20" ec="2" bec="0" bev="0" fileid="1" />
                <SequencePoint vc="3" upsid="21" ordinal="2" sl="21" sc="1" el="21" ec="2" bec="0" bev="0" fileid="1" />
              </SequencePoints>
              <BranchPoints />
              <MethodPoint vc="3" upsid="0" p8:type="SequencePoint" ordinal="0" offset="0" sc="0" sl="19" ec="1" el="21" bec="0" bev="0" fileid="1" xmlns:p8="xsi" />
            </Method>
            <Method cyclomaticComplexity="1" nPathComplexity="0" sequenceCoverage="0" branchCoverage="1" isConstructor="False" isGetter="False" isSetter="False" isStatic="True">
              <Summary numSequencePoints="4" visitedSequencePoints="0" numBranchPoints="0" visitedBranchPoints="0" sequenceCoverage="0" branchCoverage="1" maxCyclomaticComplexity="1" minCyclomaticComplexity="1" visitedClasses="0" numClasses="0" visitedMethods="0" numMethods="1" />
              <MetadataToken />
              <Name>System.String Calculation.Basic.Addition::NotCoveredByTests()</Name>
              <FileRef uid="1" />
              <SequencePoints>
                <SequencePoint vc="0" upsid="24" ordinal="0" sl="24" sc="1" el="24" ec="2" bec="0" bev="0" fileid="1" />
                <SequencePoint vc="0" upsid="25" ordinal="1" sl="25" sc="1" el="25" ec="2" bec="0" bev="0" fileid="1" />
                <SequencePoint vc="0" upsid="26" ordinal="2" sl="26" sc="1" el="26" ec="2" bec="0" bev="0" fileid="1" />
                <SequencePoint vc="0" upsid="27" ordinal="3" sl="27" sc="1" el="27" ec="2" bec="0" bev="0" fileid="1" />
              </SequencePoints>
              <BranchPoints />
              <MethodPoint vc="0" upsid="0" p8:type="SequencePoint" ordinal="1" offset="1" sc="0" sl="24" ec="1" el="27" bec="0" bev="0" fileid="1" xmlns:p8="xsi" />
            </Method>
            <Method cyclomaticComplexity="1" nPathComplexity="0" sequenceCoverage="1" branchCoverage="1" isConstructor="False" isGetter="False" isSetter="False" isStatic="True">
              <Summary numSequencePoints="4" visitedSequencePoints="4" numBranchPoints="0" visitedBranchPoints="0" sequenceCoverage="1" branchCoverage="1" maxCyclomaticComplexity="1" minCyclomaticComplexity="1" visitedClasses="0" numClasses="0" visitedMethods="1" numMethods="1" />
              <MetadataToken />
              <Name>System.String Calculation.Basic.Addition::CoveredOnNextBuild()</Name>
              <FileRef uid="1" />
              <SequencePoints>
                <SequencePoint vc="1" upsid="30" ordinal="0" sl="30" sc="1" el="30" ec="2" bec="0" bev="0" fileid="1" />
                <SequencePoint vc="1" upsid="31" ordinal="1" sl="31" sc="1" el="31" ec="2" bec="0" bev="0" fileid="1" />
                <SequencePoint vc="1" upsid="32" ordinal="2" sl="32" sc="1" el="32" ec="2" bec="0" bev="0" fileid="1" />
                <SequencePoint vc="1" upsid="33" ordinal="3" sl="33" sc="1" el="33" ec="2" bec="0" bev="0" fileid="1" />
              </SequencePoints>
              <BranchPoints />
              <MethodPoint vc="4" upsid="0" p8:type="SequencePoint" ordinal="2" offset="2" sc="0" sl="30" ec="1" el="33" bec="0" bev="0" fileid="1" xmlns:p8="xsi" />
            </Method>
            <Method cyclomaticComplexity="1" nPathComplexity="0" sequenceCoverage="1" branchCoverage="1" isConstructor="True" isGetter="False" isSetter="False" isStatic="True">
              <Summary numSequencePoints="5" visitedSequencePoints="5" numBranchPoints="0" visitedBranchPoints="0" sequenceCoverage="1" branchCoverage="1" maxCyclomaticComplexity="1" minCyclomaticComplexity="1" visitedClasses="0" numClasses="0" visitedMethods="1" numMethods="1" />
              <MetadataToken />
              <Name>System.Void Calculation.Basic.Addition::.ctor(System.Decimal,System.Decimal)</Name>
              <FileRef uid="1" />
              <SequencePoints>
                <SequencePoint vc="5" upsid="12" ordinal="0" sl="12" sc="1" el="12" ec="2" bec="0" bev="0" fileid="1" />
                <SequencePoint vc="5" upsid="13" ordinal="1" sl="13" sc="1" el="13" ec="2" bec="0" bev="0" fileid="1" />
                <SequencePoint vc="5" upsid="14" ordinal="2" sl="14" sc="1" el="14" ec="2" bec="0" bev="0" fileid="1" />
                <SequencePoint vc="5" upsid="15" ordinal="3" sl="15" sc="1" el="15" ec="2" bec="0" bev="0" fileid="1" />
                <SequencePoint vc="5" upsid="16" ordinal="4" sl="16" sc="1" el="16" ec="2" bec="0" bev="0" fileid="1" />
              </SequencePoints>
              <BranchPoints />
              <MethodPoint vc="5" upsid="0" p8:type="SequencePoint" ordinal="3" offset="3" sc="0" sl="12" ec="1" el="16" bec="0" bev="0" fileid="1" xmlns:p8="xsi" />
            </Method>
          </Methods>
        </Class>
        <Class>
          <Summary numSequencePoints="8" visitedSequencePoints="8" numBranchPoints="0" visitedBranchPoints="0" sequenceCoverage="1" branchCoverage="1" maxCyclomaticComplexity="1" minCyclomaticComplexity="1" visitedClasses="1" numClasses="1" visitedMethods="2" numMethods="2" />
          <FullName>Calculation.Basic.Division</FullName>
          <Methods>
            <Method cyclomaticComplexity="1" nPathComplexity="0" sequenceCoverage="1" branchCoverage="1" isConstructor="False" isGetter="False" isSetter="False" isStatic="True">
              <Summary numSequencePoints="3" visitedSequencePoints="3" numBranchPoints="0" visitedBranchPoints="0" sequenceCoverage="1" branchCoverage="1" maxCyclomaticComplexity="1" minCyclomaticComplexity="1" visitedClasses="0" numClasses="0" visitedMethods="1" numMethods="1" />
              <MetadataToken />
              <Name>System.Decimal Calculation.Basic.Division::Calculate()</Name>
              <FileRef uid="2" />
              <SequencePoints>
                <SequencePoint vc="5" upsid="17" ordinal="0" sl="17" sc="1" el="17" ec="2" bec="0" bev="0" fileid="2" />
                <SequencePoint vc="5" upsid="18" ordinal="1" sl="18" sc="1" el="18" ec="2" bec="0" bev="0" fileid="2" />
                <SequencePoint vc="5" upsid="19" ordinal="2" sl="19" sc="1" el="19" ec="2" bec="0" bev="0" fileid="2" />
              </SequencePoints>
              <BranchPoints />
              <MethodPoint vc="3" upsid="0" p8:type="SequencePoint" ordinal="0" offset="0" sc="0" sl="17" ec="1" el="19" bec="0" bev="0" fileid="2" xmlns:p8="xsi" />
            </Method>
            <Method cyclomaticComplexity="1" nPathComplexity="0" sequenceCoverage="1" branchCoverage="1" isConstructor="True" isGetter="False" isSetter="False" isStatic="True">
              <Summary numSequencePoints="5" visitedSequencePoints="5" numBranchPoints="0" visitedBranchPoints="0" sequenceCoverage="1" branchCoverage="1" maxCyclomaticComplexity="1" minCyclomaticComplexity="1" visitedClasses="0" numClasses="0" visitedMethods="1" numMethods="1" />
              <MetadataToken />
              <Name>System.Void Calculation.Basic.Division::.ctor(System.Decimal,System.Decimal)</Name>
              <FileRef uid="2" />
              <SequencePoints>
                <SequencePoint vc="5" upsid="10" ordinal="0" sl="10" sc="1" el="10" ec="2" bec="0" bev="0" fileid="2" />
                <SequencePoint vc="5" upsid="11" ordinal="1" sl="11" sc="1" el="11" ec="2" bec="0" bev="0" fileid="2" />
                <SequencePoint vc="5" upsid="12" ordinal="2" sl="12" sc="1" el="12" ec="2" bec="0" bev="0" fileid="2" />
                <SequencePoint vc="5" upsid="13" ordinal="3" sl="13" sc="1" el="13" ec="2" bec="0" bev="0" fileid="2" />
                <SequencePoint vc="5" upsid="14" ordinal="4" sl="14" sc="1" el="14" ec="2" bec="0" bev="0" fileid="2" />
              </SequencePoints>
              <BranchPoints />
              <MethodPoint vc="5" upsid="0" p8:type="SequencePoint" ordinal="1" offset="1" sc="0" sl="10" ec="1" el="14" bec="0" bev="0" fileid="2" xmlns:p8="xsi" />
            </Method>
          </Methods>
        </Class>
        <Class>
          <Summary numSequencePoints="8" visitedSequencePoints="8" numBranchPoints="0" visitedBranchPoints="0" sequenceCoverage="1" branchCoverage="1" maxCyclomaticComplexity="1" minCyclomaticComplexity="1" visitedClasses="1" numClasses="1" visitedMethods="2" numMethods="2" />
          <FullName>Calculation.Basic.Multiplication</FullName>
          <Methods>
            <Method cyclomaticComplexity="1" nPathComplexity="0" sequenceCoverage="1" branchCoverage="1" isConstructor="False" isGetter="False" isSetter="False" isStatic="True">
              <Summary numSequencePoints="3" visitedSequencePoints="3" numBranchPoints="0" visitedBranchPoints="0" sequenceCoverage="1" branchCoverage="1" maxCyclomaticComplexity="1" minCyclomaticComplexity="1" visitedClasses="0" numClasses="0" visitedMethods="1" numMethods="1" />
              <MetadataToken />
              <Name>System.Decimal Calculation.Basic.Multiplication::Calculate()</Name>
              <FileRef uid="3" />
              <SequencePoints>
                <SequencePoint vc="5" upsid="15" ordinal="0" sl="15" sc="1" el="15" ec="2" bec="0" bev="0" fileid="3" />
                <SequencePoint vc="5" upsid="16" ordinal="1" sl="16" sc="1" el="16" ec="2" bec="0" bev="0" fileid="3" />
                <SequencePoint vc="5" upsid="17" ordinal="2" sl="17" sc="1" el="17" ec="2" bec="0" bev="0" fileid="3" />
              </SequencePoints>
              <BranchPoints />
              <MethodPoint vc="3" upsid="0" p8:type="SequencePoint" ordinal="0" offset="0" sc="0" sl="15" ec="1" el="17" bec="0" bev="0" fileid="3" xmlns:p8="xsi" />
            </Method>
            <Method cyclomaticComplexity="1" nPathComplexity="0" sequenceCoverage="1" branchCoverage="1" isConstructor="True" isGetter="False" isSetter="False" isStatic="True">
              <Summary numSequencePoints="5" visitedSequencePoints="5" numBranchPoints="0" visitedBranchPoints="0" sequenceCoverage="1" branchCoverage="1" maxCyclomaticComplexity="1" minCyclomaticComplexity="1" visitedClasses="0" numClasses="0" visitedMethods="1" numMethods="1" />
              <MetadataToken />
              <Name>System.Void Calculation.Basic.Multiplication::.ctor(System.Decimal,System.Decimal)</Name>
              <FileRef uid="3" />
              <SequencePoints>
                <SequencePoint vc="5" upsid="8" ordinal="0" sl="8" sc="1" el="8" ec="2" bec="0" bev="0" fileid="3" />
                <SequencePoint vc="5" upsid="9" ordinal="1" sl="9" sc="1" el="9" ec="2" bec="0" bev="0" fileid="3" />
                <SequencePoint vc="5" upsid="10" ordinal="2" sl="10" sc="1" el="10" ec="2" bec="0" bev="0" fileid="3" />
                <SequencePoint vc="5" upsid="11" ordinal="3" sl="11" sc="1" el="11" ec="2" bec="0" bev="0" fileid="3" />
                <SequencePoint vc="5" upsid="12" ordinal="4" sl="12" sc="1" el="12" ec="2" bec="0" bev="0" fileid="3" />
              </SequencePoints>
              <BranchPoints />
              <MethodPoint vc="5" upsid="0" p8:type="SequencePoint" ordinal="1" offset="1" sc="0" sl="8" ec="1" el="12" bec="0" bev="0" fileid="3" xmlns:p8="xsi" />
            </Method>
          </Methods>
        </Class>
        <Class>
          <Summary numSequencePoints="32" visitedSequencePoints="32" numBranchPoints="2" visitedBranchPoints="2" sequenceCoverage="1" branchCoverage="1" maxCyclomaticComplexity="2" minCyclomaticComplexity="1" visitedClasses="1" numClasses="1" visitedMethods="3" numMethods="3" />
          <FullName>Calculation.Basic.Subtraction</FullName>
          <Methods>
            <Method cyclomaticComplexity="1" nPathComplexity="0" sequenceCoverage="1" branchCoverage="1" isConstructor="False" isGetter="False" isSetter="False" isStatic="True">
              <Summary numSequencePoints="3" visitedSequencePoints="3" numBranchPoints="0" visitedBranchPoints="0" sequenceCoverage="1" branchCoverage="1" maxCyclomaticComplexity="1" minCyclomaticComplexity="1" visitedClasses="0" numClasses="0" visitedMethods="1" numMethods="1" />
              <MetadataToken />
              <Name>System.Decimal Calculation.Basic.Subtraction::Calculate()</Name>
              <FileRef uid="4" />
              <SequencePoints>
                <SequencePoint vc="3" upsid="17" ordinal="0" sl="17" sc="1" el="17" ec="2" bec="0" bev="0" fileid="4" />
                <SequencePoint vc="3" upsid="18" ordinal="1" sl="18" sc="1" el="18" ec="2" bec="0" bev="0" fileid="4" />
                <SequencePoint vc="3" upsid="19" ordinal="2" sl="19" sc="1" el="19" ec="2" bec="0" bev="0" fileid="4" />
              </SequencePoints>
              <BranchPoints />
              <MethodPoint vc="3" upsid="0" p8:type="SequencePoint" ordinal="0" offset="0" sc="0" sl="17" ec="1" el="19" bec="0" bev="0" fileid="4" xmlns:p8="xsi" />
            </Method>
            <Method cyclomaticComplexity="2" nPathComplexity="0" sequenceCoverage="1" branchCoverage="1" isConstructor="False" isGetter="False" isSetter="False" isStatic="True">
              <Summary numSequencePoints="24" visitedSequencePoints="24" numBranchPoints="2" visitedBranchPoints="2" sequenceCoverage="1" branchCoverage="1" maxCyclomaticComplexity="2" minCyclomaticComplexity="2" visitedClasses="0" numClasses="0" visitedMethods="1" numMethods="1" />
              <MetadataToken />
              <Name>System.String Calculation.Basic.Subtraction::CodedOnFourthBuild()</Name>
              <FileRef uid="4" />
              <SequencePoints>
                <SequencePoint vc="2" upsid="22" ordinal="0" sl="22" sc="1" el="22" ec="2" bec="0" bev="0" fileid="4" />
                <SequencePoint vc="2" upsid="23" ordinal="1" sl="23" sc="1" el="23" ec="2" bec="0" bev="0" fileid="4" />
                <SequencePoint vc="2" upsid="24" ordinal="2" sl="24" sc="1" el="24" ec="2" bec="0" bev="0" fileid="4" />
                <SequencePoint vc="1" upsid="25" ordinal="3" sl="25" sc="1" el="25" ec="2" bec="0" bev="0" fileid="4" />
                <SequencePoint vc="1" upsid="26" ordinal="4" sl="26" sc="1" el="26" ec="2" bec="0" bev="0" fileid="4" />
                <SequencePoint vc="1" upsid="27" ordinal="5" sl="27" sc="1" el="27" ec="2" bec="0" bev="0" fileid="4" />
                <SequencePoint vc="1" upsid="28" ordinal="6" sl="28" sc="1" el="28" ec="2" bec="0" bev="0" fileid="4" />
                <SequencePoint vc="1" upsid="29" ordinal="7" sl="29" sc="1" el="29" ec="2" bec="0" bev="0" fileid="4" />
                <SequencePoint vc="1" upsid="30" ordinal="8" sl="30" sc="1" el="30" ec="2" bec="0" bev="0" fileid="4" />
                <SequencePoint vc="2" upsid="32" ordinal="9" sl="32" sc="1" el="32" ec="2" bec="0" bev="0" fileid="4" />
                <SequencePoint vc="2" upsid="33" ordinal="10" sl="33" sc="1" el="33" ec="2" bec="0" bev="0" fileid="4" />
                <SequencePoint vc="2" upsid="34" ordinal="11" sl="34" sc="1" el="34" ec="2" bec="0" bev="0" fileid="4" />
                <SequencePoint vc="2" upsid="35" ordinal="12" sl="35" sc="1" el="35" ec="2" bec="0" bev="0" fileid="4" />
                <SequencePoint vc="2" upsid="36" ordinal="13" sl="36" sc="1" el="36" ec="2" bec="0" bev="0" fileid="4" />
                <SequencePoint vc="2" upsid="37" ordinal="14" sl="37" sc="1" el="37" ec="2" bec="0" bev="0" fileid="4" />
                <SequencePoint vc="2" upsid="38" ordinal="15" sl="38" sc="1" el="38" ec="2" bec="0" bev="0" fileid="4" />
                <SequencePoint vc="2" upsid="39" ordinal="16" sl="39" sc="1" el="39" ec="2" bec="0" bev="0" fileid="4" />
                <SequencePoint vc="2" upsid="40" ordinal="17" sl="40" sc="1" el="40" ec="2" bec="0" bev="0" fileid="4" />
                <SequencePoint vc="2" upsid="41" ordinal="18" sl="41" sc="1" el="41" ec="2" bec="0" bev="0" fileid="4" />
                <SequencePoint vc="2" upsid="42" ordinal="19" sl="42" sc="1" el="42" ec="2" bec="0" bev="0" fileid="4" />
                <SequencePoint vc="2" upsid="43" ordinal="20" sl="43" sc="1" el="43" ec="2" bec="0" bev="0" fileid="4" />
                <SequencePoint vc="2" upsid="44" ordinal="21" sl="44" sc="1" el="44" ec="2" bec="0" bev="0" fileid="4" />
                <SequencePoint vc="2" upsid="45" ordinal="22" sl="45" sc="1" el="45" ec="2" bec="0" bev="0" fileid="4" />
                <SequencePoint vc="2" upsid="46" ordinal="23" sl="46" sc="1" el="46" ec="2" bec="0" bev="0" fileid="4" />
              </SequencePoints>
              <BranchPoints>
                <BranchPoint vc="1" upsid="24" ordinal="0" path="0" offset="36" offsetend="38" sl="24" fileid="4" />
                <BranchPoint vc="1" upsid="24" ordinal="1" path="1" offset="36" offsetend="54" sl="24" fileid="4" />
              </BranchPoints>
              <MethodPoint vc="24" upsid="0" p8:type="SequencePoint" ordinal="1" offset="1" sc="0" sl="22" ec="1" el="46" bec="0" bev="0" fileid="4" xmlns:p8="xsi" />
            </Method>
            <Method cyclomaticComplexity="1" nPathComplexity="0" sequenceCoverage="1" branchCoverage="1" isConstructor="True" isGetter="False" isSetter="False" isStatic="True">
              <Summary numSequencePoints="5" visitedSequencePoints="5" numBranchPoints="0" visitedBranchPoints="0" sequenceCoverage="1" branchCoverage="1" maxCyclomaticComplexity="1" minCyclomaticComplexity="1" visitedClasses="0" numClasses="0" visitedMethods="1" numMethods="1" />
              <MetadataToken />
              <Name>System.Void Calculation.Basic.Subtraction::.ctor(System.Decimal,System.Decimal)</Name>
              <FileRef uid="4" />
              <SequencePoints>
                <SequencePoint vc="5" upsid="10" ordinal="0" sl="10" sc="1" el="10" ec="2" bec="0" bev="0" fileid="4" />
                <SequencePoint vc="5" upsid="11" ordinal="1" sl="11" sc="1" el="11" ec="2" bec="0" bev="0" fileid="4" />
                <SequencePoint vc="5" upsid="12" ordinal="2" sl="12" sc="1" el="12" ec="2" bec="0" bev="0" fileid="4" />
                <SequencePoint vc="5" upsid="13" ordinal="3" sl="13" sc="1" el="13" ec="2" bec="0" bev="0" fileid="4" />
                <SequencePoint vc="5" upsid="14" ordinal="4" sl="14" sc="1" el="14" ec="2" bec="0" bev="0" fileid="4" />
              </SequencePoints>
              <BranchPoints />
              <MethodPoint vc="5" upsid="0" p8:type="SequencePoint" ordinal="2" offset="2" sc="0" sl="10" ec="1" el="14" bec="0" bev="0" fileid="4" xmlns:p8="xsi" />
            </Method>
          </Methods>
        </Class>
      </Classes>
    </Module>
  </Modules>
</CoverageSession>