SF:C:\Users\rtimbo\source\repos\unit-testing-using-dotnet-test\Calculation\Basic\Addition.cs
FN:18,System.Decimal Calculation.Basic.Addition::Calculate()
FNDA:3,System.Decimal Calculation.Basic.Addition::Calculate()
DA:19,3
DA:20,3
DA:21,3
FN:23,System.Void Calculation.Basic.Addition::NotCoveredByTests()
FNDA:0,System.Void Calculation.Basic.Addition::NotCoveredByTests()
DA:24,0
DA:25,0
DA:26,0
FN:28,System.String Calculation.Basic.Addition::CoveredOnNextBuild()
FNDA:1,System.String Calculation.Basic.Addition::CoveredOnNextBuild()
DA:29,1
DA:30,1
DA:31,1
FN:11,System.Void Calculation.Basic.Addition::.ctor(System.Decimal,System.Decimal)
FNDA:5,System.Void Calculation.Basic.Addition::.ctor(System.Decimal,System.Decimal)
DA:12,5
DA:13,5
DA:14,5
DA:15,5
DA:16,5
LF:14
LH:11
BRF:0
BRH:0
FNF:4
FNH:3
end_of_record
SF:C:\Users\rtimbo\source\repos\unit-testing-using-dotnet-test\Calculation\Basic\Division.cs
FN:16,System.Decimal Calculation.Basic.Division::Calculate()
FNDA:5,System.Decimal Calculation.Basic.Division::Calculate()
DA:17,5
DA:18,5
DA:19,5
FN:9,System.Void Calculation.Basic.Division::.ctor(System.Decimal,System.Decimal)
FNDA:5,System.Void Calculation.Basic.Division::.ctor(System.Decimal,System.Decimal)
DA:10,5
DA:11,5
DA:12,5
DA:13,5
DA:14,5
LF:8
LH:8
BRF:0
BRH:0
FNF:2
FNH:2
end_of_record
SF:C:\Users\rtimbo\source\repos\unit-testing-using-dotnet-test\Calculation\Basic\Multiplication.cs
FN:14,System.Decimal Calculation.Basic.Multiplication::Calculate()
FNDA:5,System.Decimal Calculation.Basic.Multiplication::Calculate()
DA:15,5
DA:16,5
DA:17,5
FN:7,System.Void Calculation.Basic.Multiplication::.ctor(System.Decimal,System.Decimal)
FNDA:5,System.Void Calculation.Basic.Multiplication::.ctor(System.Decimal,System.Decimal)
DA:8,5
DA:9,5
DA:10,5
DA:11,5
DA:12,5
LF:8
LH:8
BRF:0
BRH:0
FNF:2
FNH:2
end_of_record
SF:C:\Users\rtimbo\source\repos\unit-testing-using-dotnet-test\Calculation\Basic\Subtraction.cs
FN:16,System.Decimal Calculation.Basic.Subtraction::Calculate()
FNDA:3,System.Decimal Calculation.Basic.Subtraction::Calculate()
DA:17,3
DA:18,3
DA:19,3
FN:21,System.Void Calculation.Basic.Subtraction::CodedOnFourthBuild()
FNDA:1,System.Void Calculation.Basic.Subtraction::CodedOnFourthBuild()
DA:22,1
DA:23,1
DA:24,1
DA:25,1
DA:26,1
DA:27,1
DA:28,0
DA:29,0
DA:30,0
DA:32,1
DA:33,1
DA:34,1
DA:35,1
DA:36,1
DA:37,1
DA:38,1
DA:39,1
DA:40,1
DA:41,1
DA:42,1
DA:43,1
BRDA:24,36,0,1
BRDA:24,36,1,0
FN:9,System.Void Calculation.Basic.Subtraction::.ctor(System.Decimal,System.Decimal)
FNDA:4,System.Void Calculation.Basic.Subtraction::.ctor(System.Decimal,System.Decimal)
DA:10,4
DA:11,4
DA:12,4
DA:13,4
DA:14,4
LF:29
LH:26
BRF:2
BRH:1
FNF:3
FNH:3
end_of_record